pg_restore: connecting to database for restore
pg_restore: dropping FK CONSTRAINT written_in written_in_language_id_fkey
pg_restore: dropping FK CONSTRAINT written_in written_in_id_fkey
pg_restore: dropping FK CONSTRAINT written_by written_by_id_fkey
pg_restore: dropping FK CONSTRAINT written_by written_by_author_id_fkey
pg_restore: dropping FK CONSTRAINT type_of type_of_id_fkey
pg_restore: dropping FK CONSTRAINT type_of type_of_genre_id_fkey
pg_restore: dropping FK CONSTRAINT published_by published_by_publisher_id_fkey
pg_restore: dropping FK CONSTRAINT published_by published_by_id_fkey
pg_restore: dropping FK CONSTRAINT location location_id_fkey
pg_restore: dropping FK CONSTRAINT is_in is_in_publisher_id_fkey
pg_restore: dropping FK CONSTRAINT is_in is_in_country_id_fkey
pg_restore: dropping CONSTRAINT written_in written_in_pkey
pg_restore: dropping CONSTRAINT written_by written_by_pkey
pg_restore: dropping CONSTRAINT type_of type_of_pkey
pg_restore: dropping CONSTRAINT publisher publisher_pkey
pg_restore: dropping CONSTRAINT publisher publisher_phone_number_key
pg_restore: dropping CONSTRAINT published_by published_by_pkey
pg_restore: dropping CONSTRAINT location location_pkey
pg_restore: dropping CONSTRAINT language language_pkey
pg_restore: dropping CONSTRAINT is_in is_in_pkey
pg_restore: dropping CONSTRAINT genre genre_pkey
pg_restore: dropping CONSTRAINT country country_pkey
pg_restore: dropping CONSTRAINT book book_pkey
pg_restore: dropping CONSTRAINT book book_isbn_key
pg_restore: dropping CONSTRAINT author author_pkey
pg_restore: dropping TABLE written_in
pg_restore: dropping TABLE written_by
pg_restore: dropping TABLE type_of
pg_restore: dropping TABLE publisher
pg_restore: dropping TABLE published_by
pg_restore: dropping TABLE location
pg_restore: dropping TABLE language
pg_restore: dropping TABLE is_in
pg_restore: dropping TABLE genre
pg_restore: dropping TABLE country
pg_restore: dropping TABLE book
pg_restore: dropping TABLE author
pg_restore: creating TABLE "public.author"
pg_restore: creating TABLE "public.book"
pg_restore: creating TABLE "public.country"
pg_restore: creating TABLE "public.genre"
pg_restore: creating TABLE "public.is_in"
pg_restore: creating TABLE "public.language"
pg_restore: creating TABLE "public.location"
pg_restore: creating TABLE "public.published_by"
pg_restore: creating TABLE "public.publisher"
pg_restore: creating TABLE "public.type_of"
pg_restore: creating TABLE "public.written_by"
pg_restore: creating TABLE "public.written_in"
pg_restore: processing data for table "public.author"
pg_restore: processing data for table "public.book"
pg_restore: processing data for table "public.country"
pg_restore: processing data for table "public.genre"
pg_restore: processing data for table "public.is_in"
pg_restore: processing data for table "public.language"
pg_restore: processing data for table "public.location"
pg_restore: processing data for table "public.published_by"
pg_restore: processing data for table "public.publisher"
pg_restore: processing data for table "public.type_of"
pg_restore: processing data for table "public.written_by"
pg_restore: processing data for table "public.written_in"
pg_restore: creating CONSTRAINT "public.author author_pkey"
pg_restore: creating CONSTRAINT "public.book book_isbn_key"
pg_restore: creating CONSTRAINT "public.book book_pkey"
pg_restore: creating CONSTRAINT "public.country country_pkey"
pg_restore: creating CONSTRAINT "public.genre genre_pkey"
pg_restore: creating CONSTRAINT "public.is_in is_in_pkey"
pg_restore: creating CONSTRAINT "public.language language_pkey"
pg_restore: creating CONSTRAINT "public.location location_pkey"
pg_restore: creating CONSTRAINT "public.published_by published_by_pkey"
pg_restore: creating CONSTRAINT "public.publisher publisher_phone_number_key"
pg_restore: creating CONSTRAINT "public.publisher publisher_pkey"
pg_restore: creating CONSTRAINT "public.type_of type_of_pkey"
pg_restore: creating CONSTRAINT "public.written_by written_by_pkey"
pg_restore: creating CONSTRAINT "public.written_in written_in_pkey"
pg_restore: creating FK CONSTRAINT "public.is_in is_in_country_id_fkey"
pg_restore: creating FK CONSTRAINT "public.is_in is_in_publisher_id_fkey"
pg_restore: creating FK CONSTRAINT "public.location location_id_fkey"
pg_restore: creating FK CONSTRAINT "public.published_by published_by_id_fkey"
pg_restore: creating FK CONSTRAINT "public.published_by published_by_publisher_id_fkey"
pg_restore: creating FK CONSTRAINT "public.type_of type_of_genre_id_fkey"
pg_restore: creating FK CONSTRAINT "public.type_of type_of_id_fkey"
pg_restore: creating FK CONSTRAINT "public.written_by written_by_author_id_fkey"
pg_restore: creating FK CONSTRAINT "public.written_by written_by_id_fkey"
pg_restore: creating FK CONSTRAINT "public.written_in written_in_id_fkey"
pg_restore: creating FK CONSTRAINT "public.written_in written_in_language_id_fkey"
pg_restore: connecting to database for restore
pg_restore: dropping FK CONSTRAINT written_in written_in_language_id_fkey
pg_restore: dropping FK CONSTRAINT written_in written_in_id_fkey
pg_restore: dropping FK CONSTRAINT written_by written_by_id_fkey
pg_restore: dropping FK CONSTRAINT written_by written_by_author_id_fkey
pg_restore: dropping FK CONSTRAINT type_of type_of_id_fkey
pg_restore: dropping FK CONSTRAINT type_of type_of_genre_id_fkey
pg_restore: dropping FK CONSTRAINT published_by published_by_publisher_id_fkey
pg_restore: dropping FK CONSTRAINT published_by published_by_id_fkey
pg_restore: dropping FK CONSTRAINT location location_id_fkey
pg_restore: dropping FK CONSTRAINT is_in is_in_publisher_id_fkey
pg_restore: dropping FK CONSTRAINT is_in is_in_country_id_fkey
pg_restore: dropping CONSTRAINT written_in written_in_pkey
pg_restore: dropping CONSTRAINT written_by written_by_pkey
pg_restore: dropping CONSTRAINT type_of type_of_pkey
pg_restore: dropping CONSTRAINT publisher publisher_pkey
pg_restore: dropping CONSTRAINT publisher publisher_phone_number_key
pg_restore: dropping CONSTRAINT published_by published_by_pkey
pg_restore: dropping CONSTRAINT location location_pkey
pg_restore: dropping CONSTRAINT language language_pkey
pg_restore: dropping CONSTRAINT is_in is_in_pkey
pg_restore: dropping CONSTRAINT genre genre_pkey
pg_restore: dropping CONSTRAINT country country_pkey
pg_restore: dropping CONSTRAINT book book_pkey
pg_restore: dropping CONSTRAINT book book_isbn_key
pg_restore: dropping CONSTRAINT author author_pkey
pg_restore: dropping TABLE written_in
pg_restore: dropping TABLE written_by
pg_restore: dropping TABLE type_of
pg_restore: dropping TABLE publisher
pg_restore: dropping TABLE published_by
pg_restore: dropping TABLE location
pg_restore: dropping TABLE language
pg_restore: dropping TABLE is_in
pg_restore: dropping TABLE genre
pg_restore: dropping TABLE country
pg_restore: dropping TABLE book
pg_restore: dropping TABLE author
pg_restore: creating TABLE "public.author"
pg_restore: creating TABLE "public.book"
pg_restore: creating TABLE "public.country"
pg_restore: creating TABLE "public.genre"
pg_restore: creating TABLE "public.is_in"
pg_restore: creating TABLE "public.language"
pg_restore: creating TABLE "public.location"
pg_restore: creating TABLE "public.published_by"
pg_restore: creating TABLE "public.publisher"
pg_restore: creating TABLE "public.type_of"
pg_restore: creating TABLE "public.written_by"
pg_restore: creating TABLE "public.written_in"
pg_restore: processing data for table "public.author"
pg_restore: processing data for table "public.book"
pg_restore: processing data for table "public.country"
pg_restore: processing data for table "public.genre"
pg_restore: processing data for table "public.is_in"
pg_restore: processing data for table "public.language"
pg_restore: processing data for table "public.location"
pg_restore: processing data for table "public.published_by"
pg_restore: processing data for table "public.publisher"
pg_restore: processing data for table "public.type_of"
pg_restore: processing data for table "public.written_by"
pg_restore: processing data for table "public.written_in"
pg_restore: creating CONSTRAINT "public.author author_pkey"
pg_restore: creating CONSTRAINT "public.book book_isbn_key"
pg_restore: creating CONSTRAINT "public.book book_pkey"
pg_restore: creating CONSTRAINT "public.country country_pkey"
pg_restore: creating CONSTRAINT "public.genre genre_pkey"
pg_restore: creating CONSTRAINT "public.is_in is_in_pkey"
pg_restore: creating CONSTRAINT "public.language language_pkey"
pg_restore: creating CONSTRAINT "public.location location_pkey"
pg_restore: creating CONSTRAINT "public.published_by published_by_pkey"
pg_restore: creating CONSTRAINT "public.publisher publisher_phone_number_key"
pg_restore: creating CONSTRAINT "public.publisher publisher_pkey"
pg_restore: creating CONSTRAINT "public.type_of type_of_pkey"
pg_restore: creating CONSTRAINT "public.written_by written_by_pkey"
pg_restore: creating CONSTRAINT "public.written_in written_in_pkey"
pg_restore: creating FK CONSTRAINT "public.is_in is_in_country_id_fkey"
pg_restore: creating FK CONSTRAINT "public.is_in is_in_publisher_id_fkey"
pg_restore: creating FK CONSTRAINT "public.location location_id_fkey"
pg_restore: creating FK CONSTRAINT "public.published_by published_by_id_fkey"
pg_restore: creating FK CONSTRAINT "public.published_by published_by_publisher_id_fkey"
pg_restore: creating FK CONSTRAINT "public.type_of type_of_genre_id_fkey"
pg_restore: creating FK CONSTRAINT "public.type_of type_of_id_fkey"
pg_restore: creating FK CONSTRAINT "public.written_by written_by_author_id_fkey"
pg_restore: creating FK CONSTRAINT "public.written_by written_by_id_fkey"
pg_restore: creating FK CONSTRAINT "public.written_in written_in_id_fkey"
pg_restore: creating FK CONSTRAINT "public.written_in written_in_language_id_fkey"
