Query 9

PREPARE
Time: 10.577 ms
postgres=#
postgres=# -- Execute the prepared query with arguments
postgres=# EXECUTE find_top_books_by_author('Fantasy', 5);
                book_title                | author_name | total_books_by_author
------------------------------------------+-------------+-----------------------
 Break gas rule entire.                   | Sara Ray    |                     5
 Central along idea coach man.            | Sara Ray    |                     5
 Court major score different mouth bring. | Sara Ray    |                     5
 Player call will class light.            | Sara Ray    |                     5
 Such until firm line piece keep win.     | Sara Ray    |                     5
(5 rows)


Time: 530.952 ms

Query 10

PREPARE
Time: 2.267 ms
postgres=# EXECUTE find_books_by_language('Spanish', 5);
                    book_title                    | release_date |   isbn    | page_count |  format
--------------------------------------------------+--------------+-----------+------------+----------
 A article her town.                              | 2000-02-06   | 807482466 |        162 | Register
 A culture person what.                           | 1893-11-12   | 211164868 |        311 | Atlas
 A force also they shoulder after discover power. | 1933-09-13   | 667958772 |        126 | Album
 Ability part girl fine speech writer our top.    | 1981-02-26   | 639299356 |        954 | Notebook
 Ability performance already different kid.       | 1994-06-07   | 676924005 |        163 | Ledger
(5 rows)


Time: 346.630 ms

Query 11

PREPARE
Time: 1.214 ms

 publisher_name | phone_number |   publisher_address
----------------+--------------+-----------------------
 King Inc       | 512.600.8530 | http://www.green.com/
(1 row)


Time: 96.717 ms

Query 12

PREPARE
Time: 0.671 ms
postgres=# EXECUTE find_books_by_publisher('King Inc');
                        book_title                        | release_date |   isbn    | page_count |   format
----------------------------------------------------------+--------------+-----------+------------+-------------
 Shake itself former majority.                            | 1863-09-15   | 334809004 |        550 | Logbook
 Detail two campaign happen.                              | 2011-02-07   | 438284473 |        471 | Sketchbook
 Artist professor somebody experience I view.             | 1941-10-30   | 315544766 |        484 | Notebook
 Race look within change.                                 | 1943-08-16   |  62386516 |        623 | Scrapbook
 Outside factor us laugh goal ten.                        | 1907-03-04   | 650368250 |        118 | Journal
 Suggest dinner red seem above state.                     | 1935-05-11   |  43832910 |        480 | Mass Market
 Represent parent think though occur pull simply clearly. | 1993-10-29   | 256414725 |        191 | Leaflet
 Even simple help onto long true.                         | 1985-02-19   | 571265910 |        972 | Album
 Common choose prepare ahead population.                  | 1957-09-09   | 867559906 |        409 | Scrapbook
 Cost figure win.                                         | 1985-04-12   | 177311371 |        286 | Scrapbook
 Most her imagine room author.                            | 1932-06-22   | 727083851 |        102 | Record
 Brother hope look no.                                    | 1936-12-04   | 151512743 |        474 | Flyer
 Huge member push itself as Republican.                   | 1997-12-18   | 142476916 |        772 | Diary
 Line front leg health.                                   | 1952-11-12   | 135437401 |        384 | Textbook
 Strong PM bank just maybe pattern it.                    | 1996-03-15   | 562182492 |        135 | Sketchbook
 Skin wonder allow international figure born include.     | 1874-05-31   | 144959432 |        984 | Workbook
 No well exactly your interview relate meeting.           | 2015-01-04   | 529512997 |        164 | Diary
 Economic west miss president continue staff.             | 1974-06-16   | 585043988 |        589 | Paperback
 Offer provide teach study detail.                        | 1869-02-23   | 161498729 |        565 | Almanac
 Someone clear lose happen south project shoulder.        | 1899-12-21   | 159725530 |        761 | Sketchbook
 Involve risk strategy close concern by.                  | 1911-09-12   | 525270588 |        748 | Logbook
 Road defense sea short campaign few enter.               | 1939-01-08   | 356288692 |        920 | Logbook
 Only center various practice gas.                        | 1932-10-23   | 485060254 |         60 | Newspaper
 Of paper foot interview occur.                           | 2011-04-07   | 550186125 |        607 | Diary
(24 rows)


Time: 72.640 ms