-- VIEW 1 --

-- QUERY 5 --

ERROR:  cannot update view "find_archived_books_view"
DETAIL:  Views that do not select from a single table or view are not automatically updatable.
HINT:  To enable updating the view, provide an INSTEAD OF UPDATE trigger or an unconditional ON UPDATE DO INSTEAD rule.
Time: 3.771 ms

-- QUERY 6 --

ERROR:  cannot delete from view "find_archived_books_view"
DETAIL:  Views that do not select from a single table or view are not automatically updatable.
HINT:  To enable deleting from the view, provide an INSTEAD OF DELETE trigger or an unconditional ON DELETE DO INSTEAD rule.
Time: 92.362 ms

-- VIEW 2 --

-- QUERY 7 --

ERROR:  cannot insert into view "disposed_books_employees"
DETAIL:  Views that do not select from a single table or view are not automatically updatable.
HINT:  To enable inserting into the view, provide an INSTEAD OF INSERT trigger or an unconditional ON INSERT DO INSTEAD rule.
Time: 7.094 ms

-- QUERY 8 --

ERROR:  cannot update view "disposed_books_employees"
DETAIL:  Views that do not select from a single table or view are not automatically updatable.
HINT:  To enable updating the view, provide an INSTEAD OF UPDATE trigger or an unconditional ON UPDATE DO INSTEAD rule.
Time: 3.805 ms